app/build/outputs/logs/manifest-merger-release-report.txt
-- Merging decision tree log ---
manifest
ADDED from src\main\AndroidManifest.xml:2:1-28:12
	package
		ADDED from src\main\AndroidManifest.xml:3:5-34
		INJECTED from src\main\AndroidManifest.xml
		INJECTED from src\main\AndroidManifest.xml
	android:versionName
		INJECTED from src\main\AndroidManifest.xml
		INJECTED from src\main\AndroidManifest.xml
	xmlns:android
		ADDED from src\main\AndroidManifest.xml:2:11-69
	android:versionCode
		INJECTED from src\main\AndroidManifest.xml
		INJECTED from src\main\AndroidManifest.xml
application
ADDED from src\main\AndroidManifest.xml:5:5-26:19
MERGED from [com.android.support:appcompat-v7:22.2.1] AndroidManifest.xml:22:5-20
MERGED from [com.android.support:support-v4:22.2.1] AndroidManifest.xml:22:5-20
	android:label
		ADDED from src\main\AndroidManifest.xml:8:9-41
	android:allowBackup
		ADDED from src\main\AndroidManifest.xml:6:9-35
	android:icon
		ADDED from src\main\AndroidManifest.xml:7:9-43
	android:largeHeap
		ADDED from src\main\AndroidManifest.xml:10:9-33
	android:theme
		ADDED from src\main\AndroidManifest.xml:9:9-40
activity#thegroup.calculator.MainActivity
ADDED from src\main\AndroidManifest.xml:11:9-19:20
	android:label
		ADDED from src\main\AndroidManifest.xml:13:13-45
	android:name
		ADDED from src\main\AndroidManifest.xml:12:13-41
intent-filter#android.intent.action.MAIN+android.intent.category.LAUNCHER
ADDED from src\main\AndroidManifest.xml:14:13-18:29
action#android.intent.action.MAIN
ADDED from src\main\AndroidManifest.xml:15:17-69
	android:name
		ADDED from src\main\AndroidManifest.xml:15:25-66
category#android.intent.category.LAUNCHER
ADDED from src\main\AndroidManifest.xml:17:17-77
	android:name
		ADDED from src\main\AndroidManifest.xml:17:27-74
activity#thegroup.calculator.BasicCalculatorActivity
ADDED from src\main\AndroidManifest.xml:20:9-103
	android:label
		ADDED from src\main\AndroidManifest.xml:20:59-91
	android:name
		ADDED from src\main\AndroidManifest.xml:20:19-58
activity#thegroup.calculator.NetworkMain
ADDED from src\main\AndroidManifest.xml:21:9-93
	android:label
		ADDED from src\main\AndroidManifest.xml:21:47-81
	android:name
		ADDED from src\main\AndroidManifest.xml:21:19-46
activity#thegroup.calculator.NetworkSecond
ADDED from src\main\AndroidManifest.xml:22:9-95
	android:label
		ADDED from src\main\AndroidManifest.xml:22:49-83
	android:name
		ADDED from src\main\AndroidManifest.xml:22:19-48
activity#thegroup.calculator.AboutUs
ADDED from src\main\AndroidManifest.xml:23:9-79
	android:label
		ADDED from src\main\AndroidManifest.xml:23:43-67
	android:name
		ADDED from src\main\AndroidManifest.xml:23:19-42
activity#thegroup.calculator.FinancialCalculator
ADDED from src\main\AndroidManifest.xml:24:9-103
	android:label
		ADDED from src\main\AndroidManifest.xml:24:55-91
	android:name
		ADDED from src\main\AndroidManifest.xml:24:19-54
uses-sdk
INJECTED from src\main\AndroidManifest.xml reason: use-sdk injection requested
MERGED from [com.android.support:appcompat-v7:22.2.1] AndroidManifest.xml:20:5-43
MERGED from [com.android.support:support-v4:22.2.1] AndroidManifest.xml:20:5-43
	android:targetSdkVersion
		INJECTED from src\main\AndroidManifest.xml
		INJECTED from src\main\AndroidManifest.xml
	android:minSdkVersion
		INJECTED from src\main\AndroidManifest.xml
		INJECTED from src\main\AndroidManifest.xml